d:\vs2022 projects\lemonicon\lemonicon\x64\release\vc143.pdb
d:\vs2022 projects\lemonicon\lemonicon\x64\release\imgui_demo.obj
d:\vs2022 projects\lemonicon\lemonicon\x64\release\imgui.obj
d:\vs2022 projects\lemonicon\lemonicon\x64\release\helper.obj
d:\vs2022 projects\lemonicon\lemonicon\x64\release\obfuscators.obj
d:\vs2022 projects\lemonicon\lemonicon\x64\release\_template_api.obj
d:\vs2022 projects\lemonicon\lemonicon\x64\release\transform.obj
d:\vs2022 projects\lemonicon\lemonicon\x64\release\rigidbody.obj
d:\vs2022 projects\lemonicon\lemonicon\x64\release\object.obj
d:\vs2022 projects\lemonicon\lemonicon\x64\release\layermask.obj
d:\vs2022 projects\lemonicon\lemonicon\x64\release\gameobject.obj
d:\vs2022 projects\lemonicon\lemonicon\x64\release\component.obj
d:\vs2022 projects\lemonicon\lemonicon\x64\release\camera.obj
d:\vs2022 projects\lemonicon\lemonicon\x64\release\main.obj
d:\vs2022 projects\lemonicon\lemonicon\x64\release\thread.obj
d:\vs2022 projects\lemonicon\lemonicon\x64\release\string.obj
d:\vs2022 projects\lemonicon\lemonicon\x64\release\class.obj
d:\vs2022 projects\lemonicon\lemonicon\x64\release\callback.obj
d:\vs2022 projects\lemonicon\lemonicon\x64\release\data.obj
d:\vs2022 projects\lemonicon\lemonicon\x64\release\cache.obj
d:\vs2022 projects\lemonicon\lemonicon\x64\release\dllmain.obj
d:\vs2022 projects\lemonicon\lemonicon\x64\release\kiero.obj
d:\vs2022 projects\lemonicon\lemonicon\x64\release\imgui_widgets.obj
d:\vs2022 projects\lemonicon\lemonicon\x64\release\imgui_tables.obj
d:\vs2022 projects\lemonicon\lemonicon\x64\release\imgui_impl_win32.obj
d:\vs2022 projects\lemonicon\lemonicon\x64\release\imgui_impl_dx11.obj
d:\vs2022 projects\lemonicon\lemonicon\x64\release\imgui_freetype.obj
d:\vs2022 projects\lemonicon\lemonicon\x64\release\imgui_draw.obj
d:\vs2022 projects\lemonicon\lemonicon\x64\release\trampoline.obj
d:\vs2022 projects\lemonicon\lemonicon\x64\release\hook.obj
d:\vs2022 projects\lemonicon\lemonicon\x64\release\hde64.obj
d:\vs2022 projects\lemonicon\lemonicon\x64\release\hde32.obj
d:\vs2022 projects\lemonicon\lemonicon\x64\release\buffer.obj
d:\vs2022 projects\lemonicon\lemonicon\x64\release\minhook.res
d:\vs2022 projects\lemonicon\x64\release\lemonicon.dll
d:\vs2022 projects\lemonicon\lemonicon\x64\release\lemonicon.ipdb
d:\vs2022 projects\lemonicon\x64\release\lemonicon.pdb
d:\vs2022 projects\lemonicon\lemonicon\x64\release\lemonicon.iobj
d:\vs2022 projects\lemonicon\lemonicon\x64\release\lemonicon.tlog\cl.read.1.tlog
d:\vs2022 projects\lemonicon\lemonicon\x64\release\lemonicon.tlog\cl.write.1.tlog
d:\vs2022 projects\lemonicon\lemonicon\x64\release\lemonicon.tlog\cl.command.1.tlog
d:\vs2022 projects\lemonicon\lemonicon\x64\release\lemonicon.tlog\rc.read.1.tlog
d:\vs2022 projects\lemonicon\lemonicon\x64\release\lemonicon.tlog\rc.write.1.tlog
d:\vs2022 projects\lemonicon\lemonicon\x64\release\lemonicon.tlog\rc.command.1.tlog
d:\vs2022 projects\lemonicon\lemonicon\x64\release\lemonicon.tlog\link.read.22.tlog
d:\vs2022 projects\lemonicon\lemonicon\x64\release\lemonicon.tlog\link.write.1.tlog
d:\vs2022 projects\lemonicon\lemonicon\x64\release\lemonicon.tlog\link.command.1.tlog
d:\vs2022 projects\lemonicon\lemonicon\x64\release\lemonicon.tlog\cl.items.tlog
