  dllmain.cpp
  Cache.cpp
  Data.cpp
  Callback.cpp
  Class.cpp
  String.cpp
  Thread.cpp
  Main.cpp
  Camera.cpp
  Component.cpp
  GameObject.cpp
  LayerMask.cpp
  Object.cpp
  Rigidbody.cpp
  Transform.cpp
  _TEMPLATE_API.cpp
  Obfuscators.cpp
  Helper.cpp
  imgui.cpp
  imgui_demo.cpp
  Compiling...
  imgui_draw.cpp
  imgui_freetype.cpp
  imgui_impl_dx11.cpp
  imgui_impl_win32.cpp
  imgui_tables.cpp
  imgui_widgets.cpp
  kiero.cpp
  buffer.c
  hde32.c
  hde64.c
  hook.c
  trampoline.c
  Generating code
  Previous IPDB not found, fall back to full compilation.
  All 2072 functions were compiled because no usable IPDB/IOBJ from previous compilation was found.
  Finished generating code
  Lemonicon.vcxproj -> D:\VS2022 Projects\Lemonicon\x64\Release\Lemonicon.dll
